14:57:08,410 DEBUG org.apache.http.client.protocol.RequestAddCookies<strong>{1}</strong>:122 - CookieSpec selected: default
14:57:08,417 DEBUG org.apache.http.client.protocol.RequestAuthCache<strong>{1}</strong>:76 - Auth cache not set in the context
14:57:08,418 DEBUG org.apache.http.impl.conn.PoolingHttpClientConnectionManager<strong>{1}</strong>:249 - Connection request: [route: {}->http://localhost:1185][total kept alive: 0; route allocated: 0 of 2000; total allocated: 0 of 2000]
14:57:08,427 DEBUG org.apache.http.impl.conn.PoolingHttpClientConnectionManager<strong>{1}</strong>:282 - Connection leased: [id: 0][route: {}->http://localhost:1185][total kept alive: 0; route allocated: 1 of 2000; total allocated: 1 of 2000]
14:57:08,428 DEBUG org.apache.http.impl.execchain.MainClientExec<strong>{1}</strong>:234 - Opening connection {}->http://localhost:1185
14:57:08,429 DEBUG org.apache.http.impl.conn.DefaultHttpClientConnectionOperator<strong>{1}</strong>:138 - Connecting to localhost/127.0.0.1:1185
14:57:08,429 DEBUG org.apache.http.impl.conn.DefaultHttpClientConnectionOperator<strong>{1}</strong>:145 - Connection established 127.0.0.1:50386<->127.0.0.1:1185
14:57:08,430 DEBUG org.apache.http.impl.conn.DefaultManagedHttpClientConnection<strong>{1}</strong>:90 - http-outgoing-0: set socket timeout to 10800000
14:57:08,430 DEBUG org.apache.http.impl.execchain.MainClientExec<strong>{1}</strong>:255 - Executing request POST /session HTTP/1.1
14:57:08,430 DEBUG org.apache.http.impl.execchain.MainClientExec<strong>{1}</strong>:260 - Target auth state: UNCHALLENGED
14:57:08,430 DEBUG org.apache.http.impl.execchain.MainClientExec<strong>{1}</strong>:266 - Proxy auth state: UNCHALLENGED
14:57:08,431 DEBUG org.apache.http.headers<strong>{1}</strong>:135 - http-outgoing-0 >> POST /session HTTP/1.1
14:57:08,432 DEBUG org.apache.http.headers<strong>{1}</strong>:138 - http-outgoing-0 >> Content-Type: application/json; charset=utf-8
14:57:08,432 DEBUG org.apache.http.headers<strong>{1}</strong>:138 - http-outgoing-0 >> Content-Length: 317
14:57:08,432 DEBUG org.apache.http.headers<strong>{1}</strong>:138 - http-outgoing-0 >> Host: localhost:1185
14:57:08,432 DEBUG org.apache.http.headers<strong>{1}</strong>:138 - http-outgoing-0 >> Connection: Keep-Alive
14:57:08,433 DEBUG org.apache.http.headers<strong>{1}</strong>:138 - http-outgoing-0 >> User-Agent: Apache-HttpClient/4.5.2 (Java/1.8.0_191)
14:57:08,433 DEBUG org.apache.http.headers<strong>{1}</strong>:138 - http-outgoing-0 >> Accept-Encoding: gzip,deflate
14:57:08,433 DEBUG org.apache.http.wire<strong>{1}</strong>:72 - http-outgoing-0 >> "POST /session HTTP/1.1[\r][\n]"
14:57:08,434 DEBUG org.apache.http.wire<strong>{1}</strong>:72 - http-outgoing-0 >> "Content-Type: application/json; charset=utf-8[\r][\n]"
14:57:08,434 DEBUG org.apache.http.wire<strong>{1}</strong>:72 - http-outgoing-0 >> "Content-Length: 317[\r][\n]"
14:57:08,434 DEBUG org.apache.http.wire<strong>{1}</strong>:72 - http-outgoing-0 >> "Host: localhost:1185[\r][\n]"
14:57:08,434 DEBUG org.apache.http.wire<strong>{1}</strong>:72 - http-outgoing-0 >> "Connection: Keep-Alive[\r][\n]"
14:57:08,434 DEBUG org.apache.http.wire<strong>{1}</strong>:72 - http-outgoing-0 >> "User-Agent: Apache-HttpClient/4.5.2 (Java/1.8.0_191)[\r][\n]"
14:57:08,434 DEBUG org.apache.http.wire<strong>{1}</strong>:72 - http-outgoing-0 >> "Accept-Encoding: gzip,deflate[\r][\n]"
14:57:08,434 DEBUG org.apache.http.wire<strong>{1}</strong>:72 - http-outgoing-0 >> "[\r][\n]"
14:57:08,435 DEBUG org.apache.http.wire<strong>{1}</strong>:86 - http-outgoing-0 >> "{"capabilities": {"desiredCapabilities": {"browserName":"chrome","chromeOptions":{"args":[],"extensions":[]},"version":"","platform":"ANY"},"requiredCapabilities": {}},"desiredCapabilities": {"browserName":"chrome","chromeOptions":{"args":[],"extensions":[]},"version":"","platform":"ANY"},"requiredCapabilities": {}}"
14:57:09,256 DEBUG org.apache.http.wire<strong>{1}</strong>:72 - http-outgoing-0 << "HTTP/1.1 200 OK[\r][\n]"
14:57:09,256 DEBUG org.apache.http.wire<strong>{1}</strong>:72 - http-outgoing-0 << "Content-Length:966[\r][\n]"
14:57:09,257 DEBUG org.apache.http.wire<strong>{1}</strong>:72 - http-outgoing-0 << "Content-Type:application/json; charset=utf-8[\r][\n]"
14:57:09,257 DEBUG org.apache.http.wire<strong>{1}</strong>:72 - http-outgoing-0 << "[\r][\n]"
14:57:09,258 DEBUG org.apache.http.wire<strong>{1}</strong>:86 - http-outgoing-0 << "{"sessionId":"a78e8de320828d40e479607be3ea2c55","status":0,"value":{"acceptInsecureCerts":false,"acceptSslCerts":false,"applicationCacheEnabled":false,"browserConnectionEnabled":false,"browserName":"chrome","chrome":{"chromedriverVersion":"2.46.628388 (4a34a70827ac54148e092aafb70504c4ea7ae926)","userDataDir":"/tmp/.org.chromium.Chromium.qRFdyu"},"cssSelectorsEnabled":true,"databaseEnabled":false,"goog:chromeOptions":{"debuggerAddress":"localhost:37203"},"handlesAlerts":true,"hasTouchScreen":false,"javascriptEnabled":true,"locationContextEnabled":true,"mobileEmulationEnabled":false,"nativeEvents":true,"networkConnectionEnabled":false,"pageLoadStrategy":"normal","platform":"Linux","proxy":{},"rotatable":false,"setWindowRect":true,"strictFileInteractability":false,"takesHeapSnapshot":true,"takesScreenshot":true,"timeouts":{"implicit":0,"pageLoad":300000,"script":30000},"unexpectedAlertBehaviour":"ignore","version":"73.0.3683.86","webStorageEnabled":true}}"
14:57:09,264 DEBUG org.apache.http.headers<strong>{1}</strong>:124 - http-outgoing-0 << HTTP/1.1 200 OK
14:57:09,264 DEBUG org.apache.http.headers<strong>{1}</strong>:127 - http-outgoing-0 << Content-Length:966
14:57:09,264 DEBUG org.apache.http.headers<strong>{1}</strong>:127 - http-outgoing-0 << Content-Type:application/json; charset=utf-8
14:57:09,268 DEBUG org.apache.http.impl.execchain.MainClientExec<strong>{1}</strong>:284 - Connection can be kept alive indefinitely
14:57:09,273 DEBUG org.apache.http.impl.conn.PoolingHttpClientConnectionManager<strong>{1}</strong>:314 - Connection [id: 0][route: {}->http://localhost:1185] can be kept alive indefinitely
14:57:09,273 DEBUG org.apache.http.impl.conn.PoolingHttpClientConnectionManager<strong>{1}</strong>:320 - Connection released: [id: 0][route: {}->http://localhost:1185][total kept alive: 1; route allocated: 1 of 2000; total allocated: 1 of 2000]
14:57:09,342 DEBUG org.apache.http.client.protocol.RequestAddCookies<strong>{1}</strong>:122 - CookieSpec selected: default
14:57:09,342 DEBUG org.apache.http.client.protocol.RequestAuthCache<strong>{1}</strong>:76 - Auth cache not set in the context
14:57:09,342 DEBUG org.apache.http.impl.conn.PoolingHttpClientConnectionManager<strong>{1}</strong>:249 - Connection request: [route: {}->http://localhost:1185][total kept alive: 1; route allocated: 1 of 2000; total allocated: 1 of 2000]
14:57:09,342 DEBUG org.apache.http.impl.conn.PoolingHttpClientConnectionManager<strong>{1}</strong>:282 - Connection leased: [id: 0][route: {}->http://localhost:1185][total kept alive: 0; route allocated: 1 of 2000; total allocated: 1 of 2000]
14:57:09,343 DEBUG org.apache.http.impl.execchain.MainClientExec<strong>{1}</strong>:207 - Stale connection check
14:57:09,402 DEBUG org.apache.http.wire<strong>{1}</strong>:86 - http-outgoing-0 << "[read] I/O error: Read timed out"
14:57:09,402 DEBUG org.apache.http.impl.conn.DefaultManagedHttpClientConnection<strong>{1}</strong>:90 - http-outgoing-0: set socket timeout to 10800000
14:57:09,402 DEBUG org.apache.http.impl.execchain.MainClientExec<strong>{1}</strong>:255 - Executing request POST /session/a78e8de320828d40e479607be3ea2c55/window/current/maximize HTTP/1.1
14:57:09,402 DEBUG org.apache.http.impl.execchain.MainClientExec<strong>{1}</strong>:260 - Target auth state: UNCHALLENGED
14:57:09,402 DEBUG org.apache.http.impl.execchain.MainClientExec<strong>{1}</strong>:266 - Proxy auth state: UNCHALLENGED
14:57:09,402 DEBUG org.apache.http.headers<strong>{1}</strong>:135 - http-outgoing-0 >> POST /session/a78e8de320828d40e479607be3ea2c55/window/current/maximize HTTP/1.1
14:57:09,402 DEBUG org.apache.http.headers<strong>{1}</strong>:138 - http-outgoing-0 >> Content-Type: application/json; charset=utf-8
14:57:09,403 DEBUG org.apache.http.headers<strong>{1}</strong>:138 - http-outgoing-0 >> Content-Length: 45
14:57:09,403 DEBUG org.apache.http.headers<strong>{1}</strong>:138 - http-outgoing-0 >> Host: localhost:1185
14:57:09,403 DEBUG org.apache.http.headers<strong>{1}</strong>:138 - http-outgoing-0 >> Connection: Keep-Alive
14:57:09,403 DEBUG org.apache.http.headers<strong>{1}</strong>:138 - http-outgoing-0 >> User-Agent: Apache-HttpClient/4.5.2 (Java/1.8.0_191)
14:57:09,403 DEBUG org.apache.http.headers<strong>{1}</strong>:138 - http-outgoing-0 >> Accept-Encoding: gzip,deflate
14:57:09,403 DEBUG org.apache.http.wire<strong>{1}</strong>:72 - http-outgoing-0 >> "POST /session/a78e8de320828d40e479607be3ea2c55/window/current/maximize HTTP/1.1[\r][\n]"
14:57:09,403 DEBUG org.apache.http.wire<strong>{1}</strong>:72 - http-outgoing-0 >> "Content-Type: application/json; charset=utf-8[\r][\n]"
14:57:09,403 DEBUG org.apache.http.wire<strong>{1}</strong>:72 - http-outgoing-0 >> "Content-Length: 45[\r][\n]"
14:57:09,403 DEBUG org.apache.http.wire<strong>{1}</strong>:72 - http-outgoing-0 >> "Host: localhost:1185[\r][\n]"
14:57:09,404 DEBUG org.apache.http.wire<strong>{1}</strong>:72 - http-outgoing-0 >> "Connection: Keep-Alive[\r][\n]"
14:57:09,404 DEBUG org.apache.http.wire<strong>{1}</strong>:72 - http-outgoing-0 >> "User-Agent: Apache-HttpClient/4.5.2 (Java/1.8.0_191)[\r][\n]"
14:57:09,404 DEBUG org.apache.http.wire<strong>{1}</strong>:72 - http-outgoing-0 >> "Accept-Encoding: gzip,deflate[\r][\n]"
14:57:09,404 DEBUG org.apache.http.wire<strong>{1}</strong>:72 - http-outgoing-0 >> "[\r][\n]"
14:57:09,404 DEBUG org.apache.http.wire<strong>{1}</strong>:86 - http-outgoing-0 >> "{"windowHandle":"current","handle":"current"}"
14:57:09,520 DEBUG org.apache.http.wire<strong>{1}</strong>:72 - http-outgoing-0 << "HTTP/1.1 200 OK[\r][\n]"
14:57:09,520 DEBUG org.apache.http.wire<strong>{1}</strong>:72 - http-outgoing-0 << "Content-Length:109[\r][\n]"
14:57:09,520 DEBUG org.apache.http.wire<strong>{1}</strong>:72 - http-outgoing-0 << "Content-Type:application/json; charset=utf-8[\r][\n]"
14:57:09,520 DEBUG org.apache.http.wire<strong>{1}</strong>:72 - http-outgoing-0 << "[\r][\n]"
14:57:09,521 DEBUG org.apache.http.wire<strong>{1}</strong>:86 - http-outgoing-0 << "{"sessionId":"a78e8de320828d40e479607be3ea2c55","status":0,"value":{"height":741,"width":1307,"x":59,"y":27}}"
14:57:09,521 DEBUG org.apache.http.headers<strong>{1}</strong>:124 - http-outgoing-0 << HTTP/1.1 200 OK
14:57:09,521 DEBUG org.apache.http.headers<strong>{1}</strong>:127 - http-outgoing-0 << Content-Length:109
14:57:09,521 DEBUG org.apache.http.headers<strong>{1}</strong>:127 - http-outgoing-0 << Content-Type:application/json; charset=utf-8
14:57:09,521 DEBUG org.apache.http.impl.execchain.MainClientExec<strong>{1}</strong>:284 - Connection can be kept alive indefinitely
14:57:09,521 DEBUG org.apache.http.impl.conn.PoolingHttpClientConnectionManager<strong>{1}</strong>:314 - Connection [id: 0][route: {}->http://localhost:1185] can be kept alive indefinitely
14:57:09,521 DEBUG org.apache.http.impl.conn.PoolingHttpClientConnectionManager<strong>{1}</strong>:320 - Connection released: [id: 0][route: {}->http://localhost:1185][total kept alive: 1; route allocated: 1 of 2000; total allocated: 1 of 2000]
14:57:09,524 DEBUG org.apache.http.client.protocol.RequestAddCookies<strong>{1}</strong>:122 - CookieSpec selected: default
14:57:09,524 DEBUG org.apache.http.client.protocol.RequestAuthCache<strong>{1}</strong>:76 - Auth cache not set in the context
14:57:09,524 DEBUG org.apache.http.impl.conn.PoolingHttpClientConnectionManager<strong>{1}</strong>:249 - Connection request: [route: {}->http://localhost:1185][total kept alive: 1; route allocated: 1 of 2000; total allocated: 1 of 2000]
14:57:09,524 DEBUG org.apache.http.impl.conn.PoolingHttpClientConnectionManager<strong>{1}</strong>:282 - Connection leased: [id: 0][route: {}->http://localhost:1185][total kept alive: 0; route allocated: 1 of 2000; total allocated: 1 of 2000]
14:57:09,524 DEBUG org.apache.http.impl.execchain.MainClientExec<strong>{1}</strong>:207 - Stale connection check
14:57:09,526 DEBUG org.apache.http.wire<strong>{1}</strong>:86 - http-outgoing-0 << "[read] I/O error: Read timed out"
14:57:09,526 DEBUG org.apache.http.impl.conn.DefaultManagedHttpClientConnection<strong>{1}</strong>:90 - http-outgoing-0: set socket timeout to 10800000
14:57:09,527 DEBUG org.apache.http.impl.execchain.MainClientExec<strong>{1}</strong>:255 - Executing request POST /session/a78e8de320828d40e479607be3ea2c55/timeouts HTTP/1.1
14:57:09,527 DEBUG org.apache.http.impl.execchain.MainClientExec<strong>{1}</strong>:260 - Target auth state: UNCHALLENGED
14:57:09,527 DEBUG org.apache.http.impl.execchain.MainClientExec<strong>{1}</strong>:266 - Proxy auth state: UNCHALLENGED
14:57:09,527 DEBUG org.apache.http.headers<strong>{1}</strong>:135 - http-outgoing-0 >> POST /session/a78e8de320828d40e479607be3ea2c55/timeouts HTTP/1.1
14:57:09,527 DEBUG org.apache.http.headers<strong>{1}</strong>:138 - http-outgoing-0 >> Content-Type: application/json; charset=utf-8
14:57:09,527 DEBUG org.apache.http.headers<strong>{1}</strong>:138 - http-outgoing-0 >> Content-Length: 30
14:57:09,527 DEBUG org.apache.http.headers<strong>{1}</strong>:138 - http-outgoing-0 >> Host: localhost:1185
14:57:09,527 DEBUG org.apache.http.headers<strong>{1}</strong>:138 - http-outgoing-0 >> Connection: Keep-Alive
14:57:09,527 DEBUG org.apache.http.headers<strong>{1}</strong>:138 - http-outgoing-0 >> User-Agent: Apache-HttpClient/4.5.2 (Java/1.8.0_191)
14:57:09,527 DEBUG org.apache.http.headers<strong>{1}</strong>:138 - http-outgoing-0 >> Accept-Encoding: gzip,deflate
14:57:09,527 DEBUG org.apache.http.wire<strong>{1}</strong>:72 - http-outgoing-0 >> "POST /session/a78e8de320828d40e479607be3ea2c55/timeouts HTTP/1.1[\r][\n]"
14:57:09,527 DEBUG org.apache.http.wire<strong>{1}</strong>:72 - http-outgoing-0 >> "Content-Type: application/json; charset=utf-8[\r][\n]"
14:57:09,527 DEBUG org.apache.http.wire<strong>{1}</strong>:72 - http-outgoing-0 >> "Content-Length: 30[\r][\n]"
14:57:09,527 DEBUG org.apache.http.wire<strong>{1}</strong>:72 - http-outgoing-0 >> "Host: localhost:1185[\r][\n]"
14:57:09,528 DEBUG org.apache.http.wire<strong>{1}</strong>:72 - http-outgoing-0 >> "Connection: Keep-Alive[\r][\n]"
14:57:09,528 DEBUG org.apache.http.wire<strong>{1}</strong>:72 - http-outgoing-0 >> "User-Agent: Apache-HttpClient/4.5.2 (Java/1.8.0_191)[\r][\n]"
14:57:09,528 DEBUG org.apache.http.wire<strong>{1}</strong>:72 - http-outgoing-0 >> "Accept-Encoding: gzip,deflate[\r][\n]"
14:57:09,528 DEBUG org.apache.http.wire<strong>{1}</strong>:72 - http-outgoing-0 >> "[\r][\n]"
14:57:09,528 DEBUG org.apache.http.wire<strong>{1}</strong>:86 - http-outgoing-0 >> "{"type":"implicit","ms":10000}"
14:57:09,528 DEBUG org.apache.http.wire<strong>{1}</strong>:72 - http-outgoing-0 << "HTTP/1.1 200 OK[\r][\n]"
14:57:09,528 DEBUG org.apache.http.wire<strong>{1}</strong>:72 - http-outgoing-0 << "Content-Length:72[\r][\n]"
14:57:09,528 DEBUG org.apache.http.wire<strong>{1}</strong>:72 - http-outgoing-0 << "Content-Type:application/json; charset=utf-8[\r][\n]"
14:57:09,528 DEBUG org.apache.http.wire<strong>{1}</strong>:72 - http-outgoing-0 << "[\r][\n]"
14:57:09,528 DEBUG org.apache.http.wire<strong>{1}</strong>:86 - http-outgoing-0 << "{"sessionId":"a78e8de320828d40e479607be3ea2c55","status":0,"value":null}"
14:57:09,528 DEBUG org.apache.http.headers<strong>{1}</strong>:124 - http-outgoing-0 << HTTP/1.1 200 OK
14:57:09,528 DEBUG org.apache.http.headers<strong>{1}</strong>:127 - http-outgoing-0 << Content-Length:72
14:57:09,529 DEBUG org.apache.http.headers<strong>{1}</strong>:127 - http-outgoing-0 << Content-Type:application/json; charset=utf-8
14:57:09,529 DEBUG org.apache.http.impl.execchain.MainClientExec<strong>{1}</strong>:284 - Connection can be kept alive indefinitely
14:57:09,529 DEBUG org.apache.http.impl.conn.PoolingHttpClientConnectionManager<strong>{1}</strong>:314 - Connection [id: 0][route: {}->http://localhost:1185] can be kept alive indefinitely
14:57:09,529 DEBUG org.apache.http.impl.conn.PoolingHttpClientConnectionManager<strong>{1}</strong>:320 - Connection released: [id: 0][route: {}->http://localhost:1185][total kept alive: 1; route allocated: 1 of 2000; total allocated: 1 of 2000]
14:57:09,530 DEBUG org.apache.http.client.protocol.RequestAddCookies<strong>{1}</strong>:122 - CookieSpec selected: default
14:57:09,530 DEBUG org.apache.http.client.protocol.RequestAuthCache<strong>{1}</strong>:76 - Auth cache not set in the context
14:57:09,530 DEBUG org.apache.http.impl.conn.PoolingHttpClientConnectionManager<strong>{1}</strong>:249 - Connection request: [route: {}->http://localhost:1185][total kept alive: 1; route allocated: 1 of 2000; total allocated: 1 of 2000]
14:57:09,530 DEBUG org.apache.http.impl.conn.PoolingHttpClientConnectionManager<strong>{1}</strong>:282 - Connection leased: [id: 0][route: {}->http://localhost:1185][total kept alive: 0; route allocated: 1 of 2000; total allocated: 1 of 2000]
14:57:09,531 DEBUG org.apache.http.impl.execchain.MainClientExec<strong>{1}</strong>:207 - Stale connection check
14:57:09,532 DEBUG org.apache.http.wire<strong>{1}</strong>:86 - http-outgoing-0 << "[read] I/O error: Read timed out"
14:57:09,532 DEBUG org.apache.http.impl.conn.DefaultManagedHttpClientConnection<strong>{1}</strong>:90 - http-outgoing-0: set socket timeout to 10800000
14:57:09,532 DEBUG org.apache.http.impl.execchain.MainClientExec<strong>{1}</strong>:255 - Executing request POST /session/a78e8de320828d40e479607be3ea2c55/url HTTP/1.1
14:57:09,532 DEBUG org.apache.http.impl.execchain.MainClientExec<strong>{1}</strong>:260 - Target auth state: UNCHALLENGED
14:57:09,532 DEBUG org.apache.http.impl.execchain.MainClientExec<strong>{1}</strong>:266 - Proxy auth state: UNCHALLENGED
14:57:09,532 DEBUG org.apache.http.headers<strong>{1}</strong>:135 - http-outgoing-0 >> POST /session/a78e8de320828d40e479607be3ea2c55/url HTTP/1.1
14:57:09,532 DEBUG org.apache.http.headers<strong>{1}</strong>:138 - http-outgoing-0 >> Content-Type: application/json; charset=utf-8
14:57:09,532 DEBUG org.apache.http.headers<strong>{1}</strong>:138 - http-outgoing-0 >> Content-Length: 32
14:57:09,532 DEBUG org.apache.http.headers<strong>{1}</strong>:138 - http-outgoing-0 >> Host: localhost:1185
14:57:09,532 DEBUG org.apache.http.headers<strong>{1}</strong>:138 - http-outgoing-0 >> Connection: Keep-Alive
14:57:09,533 DEBUG org.apache.http.headers<strong>{1}</strong>:138 - http-outgoing-0 >> User-Agent: Apache-HttpClient/4.5.2 (Java/1.8.0_191)
14:57:09,533 DEBUG org.apache.http.headers<strong>{1}</strong>:138 - http-outgoing-0 >> Accept-Encoding: gzip,deflate
14:57:09,533 DEBUG org.apache.http.wire<strong>{1}</strong>:72 - http-outgoing-0 >> "POST /session/a78e8de320828d40e479607be3ea2c55/url HTTP/1.1[\r][\n]"
14:57:09,533 DEBUG org.apache.http.wire<strong>{1}</strong>:72 - http-outgoing-0 >> "Content-Type: application/json; charset=utf-8[\r][\n]"
14:57:09,533 DEBUG org.apache.http.wire<strong>{1}</strong>:72 - http-outgoing-0 >> "Content-Length: 32[\r][\n]"
14:57:09,533 DEBUG org.apache.http.wire<strong>{1}</strong>:72 - http-outgoing-0 >> "Host: localhost:1185[\r][\n]"
14:57:09,533 DEBUG org.apache.http.wire<strong>{1}</strong>:72 - http-outgoing-0 >> "Connection: Keep-Alive[\r][\n]"
14:57:09,533 DEBUG org.apache.http.wire<strong>{1}</strong>:72 - http-outgoing-0 >> "User-Agent: Apache-HttpClient/4.5.2 (Java/1.8.0_191)[\r][\n]"
14:57:09,533 DEBUG org.apache.http.wire<strong>{1}</strong>:72 - http-outgoing-0 >> "Accept-Encoding: gzip,deflate[\r][\n]"
14:57:09,533 DEBUG org.apache.http.wire<strong>{1}</strong>:72 - http-outgoing-0 >> "[\r][\n]"
14:57:09,533 DEBUG org.apache.http.wire<strong>{1}</strong>:86 - http-outgoing-0 >> "{"url":"https://www.google.com"}"
14:58:46,321 DEBUG org.apache.http.wire<strong>{1}</strong>:72 - http-outgoing-0 << "HTTP/1.1 200 OK[\r][\n]"
14:58:46,321 DEBUG org.apache.http.wire<strong>{1}</strong>:72 - http-outgoing-0 << "Content-Length:72[\r][\n]"
14:58:46,322 DEBUG org.apache.http.wire<strong>{1}</strong>:72 - http-outgoing-0 << "Content-Type:application/json; charset=utf-8[\r][\n]"
14:58:46,322 DEBUG org.apache.http.wire<strong>{1}</strong>:72 - http-outgoing-0 << "[\r][\n]"
14:58:46,322 DEBUG org.apache.http.wire<strong>{1}</strong>:86 - http-outgoing-0 << "{"sessionId":"a78e8de320828d40e479607be3ea2c55","status":0,"value":null}"
14:58:46,322 DEBUG org.apache.http.headers<strong>{1}</strong>:124 - http-outgoing-0 << HTTP/1.1 200 OK
14:58:46,322 DEBUG org.apache.http.headers<strong>{1}</strong>:127 - http-outgoing-0 << Content-Length:72
14:58:46,322 DEBUG org.apache.http.headers<strong>{1}</strong>:127 - http-outgoing-0 << Content-Type:application/json; charset=utf-8
14:58:46,322 DEBUG org.apache.http.impl.execchain.MainClientExec<strong>{1}</strong>:284 - Connection can be kept alive indefinitely
14:58:46,322 DEBUG org.apache.http.impl.conn.PoolingHttpClientConnectionManager<strong>{1}</strong>:314 - Connection [id: 0][route: {}->http://localhost:1185] can be kept alive indefinitely
14:58:46,322 DEBUG org.apache.http.impl.conn.PoolingHttpClientConnectionManager<strong>{1}</strong>:320 - Connection released: [id: 0][route: {}->http://localhost:1185][total kept alive: 1; route allocated: 1 of 2000; total allocated: 1 of 2000]
14:58:46,323  INFO devpinoyLogger<strong>{1}</strong>:24 - google.com got opened
14:58:46,323 DEBUG devpinoyLogger<strong>{1}</strong>:25 - Brower with specified url got opened
